Analysis & Synthesis report for processador16bits
Sat Jun 22 16:33:57 2024
Quartus II 64-Bit Version 13.0.1 Build 232 06/12/2013 Service Pack 1 SJ Web Edition


---------------------
; Table of Contents ;
---------------------
  1. Legal Notice
  2. Analysis & Synthesis Summary
  3. Analysis & Synthesis Settings
  4. Parallel Compilation
  5. Analysis & Synthesis Source Files Read
  6. Analysis & Synthesis Resource Usage Summary
  7. Analysis & Synthesis Resource Utilization by Entity
  8. Registers Removed During Synthesis
  9. Removed Registers Triggering Further Register Optimizations
 10. General Register Statistics
 11. Multiplexer Restructuring Statistics (Restructuring Performed)
 12. Elapsed Time Per Partition
 13. Analysis & Synthesis Messages



----------------
; Legal Notice ;
----------------
Copyright (C) 1991-2013 Altera Corporation
Your use of Altera Corporation's design tools, logic functions 
and other software and tools, and its AMPP partner logic 
functions, and any output files from any of the foregoing 
(including device programming or simulation files), and any 
associated documentation or information are expressly subject 
to the terms and conditions of the Altera Program License 
Subscription Agreement, Altera MegaCore Function License 
Agreement, or other applicable license agreement, including, 
without limitation, that your use is for the sole purpose of 
programming logic devices manufactured by Altera and sold by 
Altera or its authorized distributors.  Please refer to the 
applicable agreement for further details.



+--------------------------------------------------------------------------------------+
; Analysis & Synthesis Summary                                                         ;
+------------------------------------+-------------------------------------------------+
; Analysis & Synthesis Status        ; Successful - Sat Jun 22 16:33:57 2024           ;
; Quartus II 64-Bit Version          ; 13.0.1 Build 232 06/12/2013 SP 1 SJ Web Edition ;
; Revision Name                      ; processador16bits                               ;
; Top-level Entity Name              ; processador16bits                               ;
; Family                             ; Cyclone II                                      ;
; Total logic elements               ; 245                                             ;
;     Total combinational functions  ; 197                                             ;
;     Dedicated logic registers      ; 77                                              ;
; Total registers                    ; 77                                              ;
; Total pins                         ; 19                                              ;
; Total virtual pins                 ; 0                                               ;
; Total memory bits                  ; 0                                               ;
; Embedded Multiplier 9-bit elements ; 0                                               ;
; Total PLLs                         ; 0                                               ;
+------------------------------------+-------------------------------------------------+


+----------------------------------------------------------------------------------------------------------------------+
; Analysis & Synthesis Settings                                                                                        ;
+----------------------------------------------------------------------------+--------------------+--------------------+
; Option                                                                     ; Setting            ; Default Value      ;
+----------------------------------------------------------------------------+--------------------+--------------------+
; Device                                                                     ; EP2C35F484C7       ;                    ;
; Top-level entity name                                                      ; processador16bits  ; processador16bits  ;
; Family name                                                                ; Cyclone II         ; Cyclone IV GX      ;
; Use smart compilation                                                      ; Off                ; Off                ;
; Enable parallel Assembler and TimeQuest Timing Analyzer during compilation ; On                 ; On                 ;
; Enable compact report table                                                ; Off                ; Off                ;
; Restructure Multiplexers                                                   ; Auto               ; Auto               ;
; Create Debugging Nodes for IP Cores                                        ; Off                ; Off                ;
; Preserve fewer node names                                                  ; On                 ; On                 ;
; Disable OpenCore Plus hardware evaluation                                  ; Off                ; Off                ;
; Verilog Version                                                            ; Verilog_2001       ; Verilog_2001       ;
; VHDL Version                                                               ; VHDL_1993          ; VHDL_1993          ;
; State Machine Processing                                                   ; Auto               ; Auto               ;
; Safe State Machine                                                         ; Off                ; Off                ;
; Extract Verilog State Machines                                             ; On                 ; On                 ;
; Extract VHDL State Machines                                                ; On                 ; On                 ;
; Ignore Verilog initial constructs                                          ; Off                ; Off                ;
; Iteration limit for constant Verilog loops                                 ; 5000               ; 5000               ;
; Iteration limit for non-constant Verilog loops                             ; 250                ; 250                ;
; Add Pass-Through Logic to Inferred RAMs                                    ; On                 ; On                 ;
; Infer RAMs from Raw Logic                                                  ; On                 ; On                 ;
; Parallel Synthesis                                                         ; On                 ; On                 ;
; DSP Block Balancing                                                        ; Auto               ; Auto               ;
; NOT Gate Push-Back                                                         ; On                 ; On                 ;
; Power-Up Don't Care                                                        ; On                 ; On                 ;
; Remove Redundant Logic Cells                                               ; Off                ; Off                ;
; Remove Duplicate Registers                                                 ; On                 ; On                 ;
; Ignore CARRY Buffers                                                       ; Off                ; Off                ;
; Ignore CASCADE Buffers                                                     ; Off                ; Off                ;
; Ignore GLOBAL Buffers                                                      ; Off                ; Off                ;
; Ignore ROW GLOBAL Buffers                                                  ; Off                ; Off                ;
; Ignore LCELL Buffers                                                       ; Off                ; Off                ;
; Ignore SOFT Buffers                                                        ; On                 ; On                 ;
; Limit AHDL Integers to 32 Bits                                             ; Off                ; Off                ;
; Optimization Technique                                                     ; Balanced           ; Balanced           ;
; Carry Chain Length                                                         ; 70                 ; 70                 ;
; Auto Carry Chains                                                          ; On                 ; On                 ;
; Auto Open-Drain Pins                                                       ; On                 ; On                 ;
; Perform WYSIWYG Primitive Resynthesis                                      ; Off                ; Off                ;
; Auto ROM Replacement                                                       ; On                 ; On                 ;
; Auto RAM Replacement                                                       ; On                 ; On                 ;
; Auto Shift Register Replacement                                            ; Auto               ; Auto               ;
; Allow Shift Register Merging across Hierarchies                            ; Auto               ; Auto               ;
; Auto Clock Enable Replacement                                              ; On                 ; On                 ;
; Strict RAM Replacement                                                     ; Off                ; Off                ;
; Allow Synchronous Control Signals                                          ; On                 ; On                 ;
; Force Use of Synchronous Clear Signals                                     ; Off                ; Off                ;
; Auto RAM to Logic Cell Conversion                                          ; Off                ; Off                ;
; Auto Resource Sharing                                                      ; Off                ; Off                ;
; Allow Any RAM Size For Recognition                                         ; Off                ; Off                ;
; Allow Any ROM Size For Recognition                                         ; Off                ; Off                ;
; Allow Any Shift Register Size For Recognition                              ; Off                ; Off                ;
; Use LogicLock Constraints during Resource Balancing                        ; On                 ; On                 ;
; Ignore translate_off and synthesis_off directives                          ; Off                ; Off                ;
; Timing-Driven Synthesis                                                    ; Off                ; Off                ;
; Report Parameter Settings                                                  ; On                 ; On                 ;
; Report Source Assignments                                                  ; On                 ; On                 ;
; Report Connectivity Checks                                                 ; On                 ; On                 ;
; Ignore Maximum Fan-Out Assignments                                         ; Off                ; Off                ;
; Synchronization Register Chain Length                                      ; 2                  ; 2                  ;
; PowerPlay Power Optimization                                               ; Normal compilation ; Normal compilation ;
; HDL message level                                                          ; Level2             ; Level2             ;
; Suppress Register Optimization Related Messages                            ; Off                ; Off                ;
; Number of Removed Registers Reported in Synthesis Report                   ; 5000               ; 5000               ;
; Number of Swept Nodes Reported in Synthesis Report                         ; 5000               ; 5000               ;
; Number of Inverted Registers Reported in Synthesis Report                  ; 100                ; 100                ;
; Clock MUX Protection                                                       ; On                 ; On                 ;
; Auto Gated Clock Conversion                                                ; Off                ; Off                ;
; Block Design Naming                                                        ; Auto               ; Auto               ;
; SDC constraint protection                                                  ; Off                ; Off                ;
; Synthesis Effort                                                           ; Auto               ; Auto               ;
; Shift Register Replacement - Allow Asynchronous Clear Signal               ; On                 ; On                 ;
; Pre-Mapping Resynthesis Optimization                                       ; Off                ; Off                ;
; Analysis & Synthesis Message Level                                         ; Medium             ; Medium             ;
; Disable Register Merging Across Hierarchies                                ; Auto               ; Auto               ;
; Resource Aware Inference For Block RAM                                     ; On                 ; On                 ;
; Synthesis Seed                                                             ; 1                  ; 1                  ;
+----------------------------------------------------------------------------+--------------------+--------------------+


Parallel compilation was disabled, but you have multiple processors available. Enable parallel compilation to reduce compilation time.
+-------------------------------------+
; Parallel Compilation                ;
+----------------------------+--------+
; Processors                 ; Number ;
+----------------------------+--------+
; Number detected on machine ; 4      ;
; Maximum allowed            ; 1      ;
+----------------------------+--------+


+--------------------------------------------------------------------------------------------------------------------------------------------+
; Analysis & Synthesis Source Files Read                                                                                                     ;
+----------------------------------+-----------------+-----------------+-----------------------------------------------------------+---------+
; File Name with User-Entered Path ; Used in Netlist ; File Type       ; File Name with Absolute Path                              ; Library ;
+----------------------------------+-----------------+-----------------+-----------------------------------------------------------+---------+
; Decoder.vhd                      ; yes             ; User VHDL File  ; C:/altera/13.0sp3/processador16bits/Decoder.vhd           ;         ;
; ALU.vhd                          ; yes             ; User VHDL File  ; C:/altera/13.0sp3/processador16bits/ALU.vhd               ;         ;
; RegisterBank.vhd                 ; yes             ; User VHDL File  ; C:/altera/13.0sp3/processador16bits/RegisterBank.vhd      ;         ;
; ControlUnit.vhd                  ; yes             ; User VHDL File  ; C:/altera/13.0sp3/processador16bits/ControlUnit.vhd       ;         ;
; processador16bits.vhd            ; yes             ; User VHDL File  ; C:/altera/13.0sp3/processador16bits/processador16bits.vhd ;         ;
; InstructionMemory.vhd            ; yes             ; User VHDL File  ; C:/altera/13.0sp3/processador16bits/InstructionMemory.vhd ;         ;
; ProgramCounter.vhd               ; yes             ; User VHDL File  ; C:/altera/13.0sp3/processador16bits/ProgramCounter.vhd    ;         ;
; Mux2tol1.vhd                     ; yes             ; User VHDL File  ; C:/altera/13.0sp3/processador16bits/Mux2tol1.vhd          ;         ;
; Mux2tol14.vhd                    ; yes             ; User VHDL File  ; C:/altera/13.0sp3/processador16bits/Mux2tol14.vhd         ;         ;
+----------------------------------+-----------------+-----------------+-----------------------------------------------------------+---------+


+-----------------------------------------------------+
; Analysis & Synthesis Resource Usage Summary         ;
+---------------------------------------------+-------+
; Resource                                    ; Usage ;
+---------------------------------------------+-------+
; Estimated Total logic elements              ; 245   ;
;                                             ;       ;
; Total combinational functions               ; 197   ;
; Logic element usage by number of LUT inputs ;       ;
;     -- 4 input functions                    ; 139   ;
;     -- 3 input functions                    ; 41    ;
;     -- <=2 input functions                  ; 17    ;
;                                             ;       ;
; Logic elements by mode                      ;       ;
;     -- normal mode                          ; 181   ;
;     -- arithmetic mode                      ; 16    ;
;                                             ;       ;
; Total registers                             ; 77    ;
;     -- Dedicated logic registers            ; 77    ;
;     -- I/O registers                        ; 0     ;
;                                             ;       ;
; I/O pins                                    ; 19    ;
; Embedded Multiplier 9-bit elements          ; 0     ;
; Maximum fan-out node                        ; clk   ;
; Maximum fan-out                             ; 77    ;
; Total fan-out                               ; 1014  ;
; Average fan-out                             ; 3.46  ;
+---------------------------------------------+-------+


+------------------------------------------------------------------------------------------------------------------------------------------------------------------------------------------------------------------------+
; Analysis & Synthesis Resource Utilization by Entity                                                                                                                                                                    ;
+---------------------------------------+-------------------+--------------+-------------+--------------+---------+-----------+------+--------------+-----------------------------------------------------+--------------+
; Compilation Hierarchy Node            ; LC Combinationals ; LC Registers ; Memory Bits ; DSP Elements ; DSP 9x9 ; DSP 18x18 ; Pins ; Virtual Pins ; Full Hierarchy Name                                 ; Library Name ;
+---------------------------------------+-------------------+--------------+-------------+--------------+---------+-----------+------+--------------+-----------------------------------------------------+--------------+
; |processador16bits                    ; 197 (0)           ; 77 (0)       ; 0           ; 0            ; 0       ; 0         ; 19   ; 0            ; |processador16bits                                  ; work         ;
;    |ALU:ALU_INST|                     ; 45 (45)           ; 0 (0)        ; 0           ; 0            ; 0       ; 0         ; 0    ; 0            ; |processador16bits|ALU:ALU_INST                     ; work         ;
;    |InstructionMemory:INSTR_MEM_INST| ; 9 (9)             ; 9 (9)        ; 0           ; 0            ; 0       ; 0         ; 0    ; 0            ; |processador16bits|InstructionMemory:INSTR_MEM_INST ; work         ;
;    |Mux2to14:MUX1_INST|               ; 1 (1)             ; 0 (0)        ; 0           ; 0            ; 0       ; 0         ; 0    ; 0            ; |processador16bits|Mux2to14:MUX1_INST               ; work         ;
;    |Mux2to1:MUX3_INST|                ; 89 (89)           ; 0 (0)        ; 0           ; 0            ; 0       ; 0         ; 0    ; 0            ; |processador16bits|Mux2to1:MUX3_INST                ; work         ;
;    |ProgramCounter:PC_INST|           ; 4 (4)             ; 4 (4)        ; 0           ; 0            ; 0       ; 0         ; 0    ; 0            ; |processador16bits|ProgramCounter:PC_INST           ; work         ;
;    |RegisterBank:REGISTER_BANK_INST|  ; 49 (49)           ; 64 (64)      ; 0           ; 0            ; 0       ; 0         ; 0    ; 0            ; |processador16bits|RegisterBank:REGISTER_BANK_INST  ; work         ;
+---------------------------------------+-------------------+--------------+-------------+--------------+---------+-----------+------+--------------+-----------------------------------------------------+--------------+
Note: For table entries with two numbers listed, the numbers in parentheses indicate the number of resources of the given type used by the specific entity alone. The numbers listed outside of parentheses indicate the total resources of the given type used by the specific entity and all of its sub-entities in the hierarchy.


+-------------------------------------------------------------------------------------------------------+
; Registers Removed During Synthesis                                                                    ;
+--------------------------------------------------------------+----------------------------------------+
; Register name                                                ; Reason for Removal                     ;
+--------------------------------------------------------------+----------------------------------------+
; InstructionMemory:INSTR_MEM_INST|instruction[2,3,5..7,10,11] ; Stuck at GND due to stuck port data_in ;
; RegisterBank:REGISTER_BANK_INST|registers[4][15]             ; Lost fanout                            ;
; RegisterBank:REGISTER_BANK_INST|registers[4][14]             ; Lost fanout                            ;
; RegisterBank:REGISTER_BANK_INST|registers[4][13]             ; Lost fanout                            ;
; RegisterBank:REGISTER_BANK_INST|registers[4][12]             ; Lost fanout                            ;
; RegisterBank:REGISTER_BANK_INST|registers[4][11]             ; Lost fanout                            ;
; RegisterBank:REGISTER_BANK_INST|registers[4][10]             ; Lost fanout                            ;
; RegisterBank:REGISTER_BANK_INST|registers[4][9]              ; Lost fanout                            ;
; RegisterBank:REGISTER_BANK_INST|registers[4][8]              ; Lost fanout                            ;
; RegisterBank:REGISTER_BANK_INST|registers[4][7]              ; Lost fanout                            ;
; RegisterBank:REGISTER_BANK_INST|registers[4][6]              ; Lost fanout                            ;
; RegisterBank:REGISTER_BANK_INST|registers[4][5]              ; Lost fanout                            ;
; RegisterBank:REGISTER_BANK_INST|registers[4][4]              ; Lost fanout                            ;
; RegisterBank:REGISTER_BANK_INST|registers[4][3]              ; Lost fanout                            ;
; RegisterBank:REGISTER_BANK_INST|registers[4][2]              ; Lost fanout                            ;
; RegisterBank:REGISTER_BANK_INST|registers[4][1]              ; Lost fanout                            ;
; RegisterBank:REGISTER_BANK_INST|registers[4][0]              ; Lost fanout                            ;
; RegisterBank:REGISTER_BANK_INST|registers[5][15]             ; Lost fanout                            ;
; RegisterBank:REGISTER_BANK_INST|registers[5][14]             ; Lost fanout                            ;
; RegisterBank:REGISTER_BANK_INST|registers[5][13]             ; Lost fanout                            ;
; RegisterBank:REGISTER_BANK_INST|registers[5][12]             ; Lost fanout                            ;
; RegisterBank:REGISTER_BANK_INST|registers[5][11]             ; Lost fanout                            ;
; RegisterBank:REGISTER_BANK_INST|registers[5][10]             ; Lost fanout                            ;
; RegisterBank:REGISTER_BANK_INST|registers[5][9]              ; Lost fanout                            ;
; RegisterBank:REGISTER_BANK_INST|registers[5][8]              ; Lost fanout                            ;
; RegisterBank:REGISTER_BANK_INST|registers[5][7]              ; Lost fanout                            ;
; RegisterBank:REGISTER_BANK_INST|registers[5][6]              ; Lost fanout                            ;
; RegisterBank:REGISTER_BANK_INST|registers[5][5]              ; Lost fanout                            ;
; RegisterBank:REGISTER_BANK_INST|registers[5][4]              ; Lost fanout                            ;
; RegisterBank:REGISTER_BANK_INST|registers[5][3]              ; Lost fanout                            ;
; RegisterBank:REGISTER_BANK_INST|registers[5][2]              ; Lost fanout                            ;
; RegisterBank:REGISTER_BANK_INST|registers[5][1]              ; Lost fanout                            ;
; RegisterBank:REGISTER_BANK_INST|registers[5][0]              ; Lost fanout                            ;
; RegisterBank:REGISTER_BANK_INST|registers[6][15]             ; Lost fanout                            ;
; RegisterBank:REGISTER_BANK_INST|registers[6][14]             ; Lost fanout                            ;
; RegisterBank:REGISTER_BANK_INST|registers[6][13]             ; Lost fanout                            ;
; RegisterBank:REGISTER_BANK_INST|registers[6][12]             ; Lost fanout                            ;
; RegisterBank:REGISTER_BANK_INST|registers[6][11]             ; Lost fanout                            ;
; RegisterBank:REGISTER_BANK_INST|registers[6][10]             ; Lost fanout                            ;
; RegisterBank:REGISTER_BANK_INST|registers[6][9]              ; Lost fanout                            ;
; RegisterBank:REGISTER_BANK_INST|registers[6][8]              ; Lost fanout                            ;
; RegisterBank:REGISTER_BANK_INST|registers[6][7]              ; Lost fanout                            ;
; RegisterBank:REGISTER_BANK_INST|registers[6][6]              ; Lost fanout                            ;
; RegisterBank:REGISTER_BANK_INST|registers[6][5]              ; Lost fanout                            ;
; RegisterBank:REGISTER_BANK_INST|registers[6][4]              ; Lost fanout                            ;
; RegisterBank:REGISTER_BANK_INST|registers[6][3]              ; Lost fanout                            ;
; RegisterBank:REGISTER_BANK_INST|registers[6][2]              ; Lost fanout                            ;
; RegisterBank:REGISTER_BANK_INST|registers[6][1]              ; Lost fanout                            ;
; RegisterBank:REGISTER_BANK_INST|registers[6][0]              ; Lost fanout                            ;
; RegisterBank:REGISTER_BANK_INST|registers[7][15]             ; Lost fanout                            ;
; RegisterBank:REGISTER_BANK_INST|registers[7][14]             ; Lost fanout                            ;
; RegisterBank:REGISTER_BANK_INST|registers[7][13]             ; Lost fanout                            ;
; RegisterBank:REGISTER_BANK_INST|registers[7][12]             ; Lost fanout                            ;
; RegisterBank:REGISTER_BANK_INST|registers[7][11]             ; Lost fanout                            ;
; RegisterBank:REGISTER_BANK_INST|registers[7][10]             ; Lost fanout                            ;
; RegisterBank:REGISTER_BANK_INST|registers[7][9]              ; Lost fanout                            ;
; RegisterBank:REGISTER_BANK_INST|registers[7][8]              ; Lost fanout                            ;
; RegisterBank:REGISTER_BANK_INST|registers[7][7]              ; Lost fanout                            ;
; RegisterBank:REGISTER_BANK_INST|registers[7][6]              ; Lost fanout                            ;
; RegisterBank:REGISTER_BANK_INST|registers[7][5]              ; Lost fanout                            ;
; RegisterBank:REGISTER_BANK_INST|registers[7][4]              ; Lost fanout                            ;
; RegisterBank:REGISTER_BANK_INST|registers[7][3]              ; Lost fanout                            ;
; RegisterBank:REGISTER_BANK_INST|registers[7][2]              ; Lost fanout                            ;
; RegisterBank:REGISTER_BANK_INST|registers[7][1]              ; Lost fanout                            ;
; RegisterBank:REGISTER_BANK_INST|registers[7][0]              ; Lost fanout                            ;
; RegisterBank:REGISTER_BANK_INST|registers[8][15]             ; Lost fanout                            ;
; RegisterBank:REGISTER_BANK_INST|registers[8][14]             ; Lost fanout                            ;
; RegisterBank:REGISTER_BANK_INST|registers[8][13]             ; Lost fanout                            ;
; RegisterBank:REGISTER_BANK_INST|registers[8][12]             ; Lost fanout                            ;
; RegisterBank:REGISTER_BANK_INST|registers[8][11]             ; Lost fanout                            ;
; RegisterBank:REGISTER_BANK_INST|registers[8][10]             ; Lost fanout                            ;
; RegisterBank:REGISTER_BANK_INST|registers[8][9]              ; Lost fanout                            ;
; RegisterBank:REGISTER_BANK_INST|registers[8][8]              ; Lost fanout                            ;
; RegisterBank:REGISTER_BANK_INST|registers[8][7]              ; Lost fanout                            ;
; RegisterBank:REGISTER_BANK_INST|registers[8][6]              ; Lost fanout                            ;
; RegisterBank:REGISTER_BANK_INST|registers[8][5]              ; Lost fanout                            ;
; RegisterBank:REGISTER_BANK_INST|registers[8][4]              ; Lost fanout                            ;
; RegisterBank:REGISTER_BANK_INST|registers[8][3]              ; Lost fanout                            ;
; RegisterBank:REGISTER_BANK_INST|registers[8][2]              ; Lost fanout                            ;
; RegisterBank:REGISTER_BANK_INST|registers[8][1]              ; Lost fanout                            ;
; RegisterBank:REGISTER_BANK_INST|registers[8][0]              ; Lost fanout                            ;
; RegisterBank:REGISTER_BANK_INST|registers[9][15]             ; Lost fanout                            ;
; RegisterBank:REGISTER_BANK_INST|registers[9][14]             ; Lost fanout                            ;
; RegisterBank:REGISTER_BANK_INST|registers[9][13]             ; Lost fanout                            ;
; RegisterBank:REGISTER_BANK_INST|registers[9][12]             ; Lost fanout                            ;
; RegisterBank:REGISTER_BANK_INST|registers[9][11]             ; Lost fanout                            ;
; RegisterBank:REGISTER_BANK_INST|registers[9][10]             ; Lost fanout                            ;
; RegisterBank:REGISTER_BANK_INST|registers[9][9]              ; Lost fanout                            ;
; RegisterBank:REGISTER_BANK_INST|registers[9][8]              ; Lost fanout                            ;
; RegisterBank:REGISTER_BANK_INST|registers[9][7]              ; Lost fanout                            ;
; RegisterBank:REGISTER_BANK_INST|registers[9][6]              ; Lost fanout                            ;
; RegisterBank:REGISTER_BANK_INST|registers[9][5]              ; Lost fanout                            ;
; RegisterBank:REGISTER_BANK_INST|registers[9][4]              ; Lost fanout                            ;
; RegisterBank:REGISTER_BANK_INST|registers[9][3]              ; Lost fanout                            ;
; RegisterBank:REGISTER_BANK_INST|registers[9][2]              ; Lost fanout                            ;
; RegisterBank:REGISTER_BANK_INST|registers[9][1]              ; Lost fanout                            ;
; RegisterBank:REGISTER_BANK_INST|registers[9][0]              ; Lost fanout                            ;
; RegisterBank:REGISTER_BANK_INST|registers[10][15]            ; Lost fanout                            ;
; RegisterBank:REGISTER_BANK_INST|registers[10][14]            ; Lost fanout                            ;
; RegisterBank:REGISTER_BANK_INST|registers[10][13]            ; Lost fanout                            ;
; RegisterBank:REGISTER_BANK_INST|registers[10][12]            ; Lost fanout                            ;
; RegisterBank:REGISTER_BANK_INST|registers[10][11]            ; Lost fanout                            ;
; RegisterBank:REGISTER_BANK_INST|registers[10][10]            ; Lost fanout                            ;
; RegisterBank:REGISTER_BANK_INST|registers[10][9]             ; Lost fanout                            ;
; RegisterBank:REGISTER_BANK_INST|registers[10][8]             ; Lost fanout                            ;
; RegisterBank:REGISTER_BANK_INST|registers[10][7]             ; Lost fanout                            ;
; RegisterBank:REGISTER_BANK_INST|registers[10][6]             ; Lost fanout                            ;
; RegisterBank:REGISTER_BANK_INST|registers[10][5]             ; Lost fanout                            ;
; RegisterBank:REGISTER_BANK_INST|registers[10][4]             ; Lost fanout                            ;
; RegisterBank:REGISTER_BANK_INST|registers[10][3]             ; Lost fanout                            ;
; RegisterBank:REGISTER_BANK_INST|registers[10][2]             ; Lost fanout                            ;
; RegisterBank:REGISTER_BANK_INST|registers[10][1]             ; Lost fanout                            ;
; RegisterBank:REGISTER_BANK_INST|registers[10][0]             ; Lost fanout                            ;
; RegisterBank:REGISTER_BANK_INST|registers[11][15]            ; Lost fanout                            ;
; RegisterBank:REGISTER_BANK_INST|registers[11][14]            ; Lost fanout                            ;
; RegisterBank:REGISTER_BANK_INST|registers[11][13]            ; Lost fanout                            ;
; RegisterBank:REGISTER_BANK_INST|registers[11][12]            ; Lost fanout                            ;
; RegisterBank:REGISTER_BANK_INST|registers[11][11]            ; Lost fanout                            ;
; RegisterBank:REGISTER_BANK_INST|registers[11][10]            ; Lost fanout                            ;
; RegisterBank:REGISTER_BANK_INST|registers[11][9]             ; Lost fanout                            ;
; RegisterBank:REGISTER_BANK_INST|registers[11][8]             ; Lost fanout                            ;
; RegisterBank:REGISTER_BANK_INST|registers[11][7]             ; Lost fanout                            ;
; RegisterBank:REGISTER_BANK_INST|registers[11][6]             ; Lost fanout                            ;
; RegisterBank:REGISTER_BANK_INST|registers[11][5]             ; Lost fanout                            ;
; RegisterBank:REGISTER_BANK_INST|registers[11][4]             ; Lost fanout                            ;
; RegisterBank:REGISTER_BANK_INST|registers[11][3]             ; Lost fanout                            ;
; RegisterBank:REGISTER_BANK_INST|registers[11][2]             ; Lost fanout                            ;
; RegisterBank:REGISTER_BANK_INST|registers[11][1]             ; Lost fanout                            ;
; RegisterBank:REGISTER_BANK_INST|registers[11][0]             ; Lost fanout                            ;
; RegisterBank:REGISTER_BANK_INST|registers[12][15]            ; Lost fanout                            ;
; RegisterBank:REGISTER_BANK_INST|registers[12][14]            ; Lost fanout                            ;
; RegisterBank:REGISTER_BANK_INST|registers[12][13]            ; Lost fanout                            ;
; RegisterBank:REGISTER_BANK_INST|registers[12][12]            ; Lost fanout                            ;
; RegisterBank:REGISTER_BANK_INST|registers[12][11]            ; Lost fanout                            ;
; RegisterBank:REGISTER_BANK_INST|registers[12][10]            ; Lost fanout                            ;
; RegisterBank:REGISTER_BANK_INST|registers[12][9]             ; Lost fanout                            ;
; RegisterBank:REGISTER_BANK_INST|registers[12][8]             ; Lost fanout                            ;
; RegisterBank:REGISTER_BANK_INST|registers[12][7]             ; Lost fanout                            ;
; RegisterBank:REGISTER_BANK_INST|registers[12][6]             ; Lost fanout                            ;
; RegisterBank:REGISTER_BANK_INST|registers[12][5]             ; Lost fanout                            ;
; RegisterBank:REGISTER_BANK_INST|registers[12][4]             ; Lost fanout                            ;
; RegisterBank:REGISTER_BANK_INST|registers[12][3]             ; Lost fanout                            ;
; RegisterBank:REGISTER_BANK_INST|registers[12][2]             ; Lost fanout                            ;
; RegisterBank:REGISTER_BANK_INST|registers[12][1]             ; Lost fanout                            ;
; RegisterBank:REGISTER_BANK_INST|registers[12][0]             ; Lost fanout                            ;
; RegisterBank:REGISTER_BANK_INST|registers[13][15]            ; Lost fanout                            ;
; RegisterBank:REGISTER_BANK_INST|registers[13][14]            ; Lost fanout                            ;
; RegisterBank:REGISTER_BANK_INST|registers[13][13]            ; Lost fanout                            ;
; RegisterBank:REGISTER_BANK_INST|registers[13][12]            ; Lost fanout                            ;
; RegisterBank:REGISTER_BANK_INST|registers[13][11]            ; Lost fanout                            ;
; RegisterBank:REGISTER_BANK_INST|registers[13][10]            ; Lost fanout                            ;
; RegisterBank:REGISTER_BANK_INST|registers[13][9]             ; Lost fanout                            ;
; RegisterBank:REGISTER_BANK_INST|registers[13][8]             ; Lost fanout                            ;
; RegisterBank:REGISTER_BANK_INST|registers[13][7]             ; Lost fanout                            ;
; RegisterBank:REGISTER_BANK_INST|registers[13][6]             ; Lost fanout                            ;
; RegisterBank:REGISTER_BANK_INST|registers[13][5]             ; Lost fanout                            ;
; RegisterBank:REGISTER_BANK_INST|registers[13][4]             ; Lost fanout                            ;
; RegisterBank:REGISTER_BANK_INST|registers[13][3]             ; Lost fanout                            ;
; RegisterBank:REGISTER_BANK_INST|registers[13][2]             ; Lost fanout                            ;
; RegisterBank:REGISTER_BANK_INST|registers[13][1]             ; Lost fanout                            ;
; RegisterBank:REGISTER_BANK_INST|registers[13][0]             ; Lost fanout                            ;
; RegisterBank:REGISTER_BANK_INST|registers[14][15]            ; Lost fanout                            ;
; RegisterBank:REGISTER_BANK_INST|registers[14][14]            ; Lost fanout                            ;
; RegisterBank:REGISTER_BANK_INST|registers[14][13]            ; Lost fanout                            ;
; RegisterBank:REGISTER_BANK_INST|registers[14][12]            ; Lost fanout                            ;
; RegisterBank:REGISTER_BANK_INST|registers[14][11]            ; Lost fanout                            ;
; RegisterBank:REGISTER_BANK_INST|registers[14][10]            ; Lost fanout                            ;
; RegisterBank:REGISTER_BANK_INST|registers[14][9]             ; Lost fanout                            ;
; RegisterBank:REGISTER_BANK_INST|registers[14][8]             ; Lost fanout                            ;
; RegisterBank:REGISTER_BANK_INST|registers[14][7]             ; Lost fanout                            ;
; RegisterBank:REGISTER_BANK_INST|registers[14][6]             ; Lost fanout                            ;
; RegisterBank:REGISTER_BANK_INST|registers[14][5]             ; Lost fanout                            ;
; RegisterBank:REGISTER_BANK_INST|registers[14][4]             ; Lost fanout                            ;
; RegisterBank:REGISTER_BANK_INST|registers[14][3]             ; Lost fanout                            ;
; RegisterBank:REGISTER_BANK_INST|registers[14][2]             ; Lost fanout                            ;
; RegisterBank:REGISTER_BANK_INST|registers[14][1]             ; Lost fanout                            ;
; RegisterBank:REGISTER_BANK_INST|registers[14][0]             ; Lost fanout                            ;
; RegisterBank:REGISTER_BANK_INST|registers[15][15]            ; Lost fanout                            ;
; RegisterBank:REGISTER_BANK_INST|registers[15][14]            ; Lost fanout                            ;
; RegisterBank:REGISTER_BANK_INST|registers[15][13]            ; Lost fanout                            ;
; RegisterBank:REGISTER_BANK_INST|registers[15][12]            ; Lost fanout                            ;
; RegisterBank:REGISTER_BANK_INST|registers[15][11]            ; Lost fanout                            ;
; RegisterBank:REGISTER_BANK_INST|registers[15][10]            ; Lost fanout                            ;
; RegisterBank:REGISTER_BANK_INST|registers[15][9]             ; Lost fanout                            ;
; RegisterBank:REGISTER_BANK_INST|registers[15][8]             ; Lost fanout                            ;
; RegisterBank:REGISTER_BANK_INST|registers[15][7]             ; Lost fanout                            ;
; RegisterBank:REGISTER_BANK_INST|registers[15][6]             ; Lost fanout                            ;
; RegisterBank:REGISTER_BANK_INST|registers[15][5]             ; Lost fanout                            ;
; RegisterBank:REGISTER_BANK_INST|registers[15][4]             ; Lost fanout                            ;
; RegisterBank:REGISTER_BANK_INST|registers[15][3]             ; Lost fanout                            ;
; RegisterBank:REGISTER_BANK_INST|registers[15][2]             ; Lost fanout                            ;
; RegisterBank:REGISTER_BANK_INST|registers[15][1]             ; Lost fanout                            ;
; RegisterBank:REGISTER_BANK_INST|registers[15][0]             ; Lost fanout                            ;
; Total Number of Removed Registers = 199                      ;                                        ;
+--------------------------------------------------------------+----------------------------------------+


+-----------------------------------------------------------------------------------------------------------------------------------+
; Removed Registers Triggering Further Register Optimizations                                                                       ;
+--------------------------------------------------+---------------------------+----------------------------------------------------+
; Register name                                    ; Reason for Removal        ; Registers Removed due to This Register             ;
+--------------------------------------------------+---------------------------+----------------------------------------------------+
; InstructionMemory:INSTR_MEM_INST|instruction[2]  ; Stuck at GND              ; RegisterBank:REGISTER_BANK_INST|registers[9][15],  ;
;                                                  ; due to stuck port data_in ; RegisterBank:REGISTER_BANK_INST|registers[9][14],  ;
;                                                  ;                           ; RegisterBank:REGISTER_BANK_INST|registers[9][13],  ;
;                                                  ;                           ; RegisterBank:REGISTER_BANK_INST|registers[9][12],  ;
;                                                  ;                           ; RegisterBank:REGISTER_BANK_INST|registers[9][11],  ;
;                                                  ;                           ; RegisterBank:REGISTER_BANK_INST|registers[9][10],  ;
;                                                  ;                           ; RegisterBank:REGISTER_BANK_INST|registers[9][9],   ;
;                                                  ;                           ; RegisterBank:REGISTER_BANK_INST|registers[9][8],   ;
;                                                  ;                           ; RegisterBank:REGISTER_BANK_INST|registers[9][7],   ;
;                                                  ;                           ; RegisterBank:REGISTER_BANK_INST|registers[9][6],   ;
;                                                  ;                           ; RegisterBank:REGISTER_BANK_INST|registers[9][5],   ;
;                                                  ;                           ; RegisterBank:REGISTER_BANK_INST|registers[9][4],   ;
;                                                  ;                           ; RegisterBank:REGISTER_BANK_INST|registers[9][3],   ;
;                                                  ;                           ; RegisterBank:REGISTER_BANK_INST|registers[9][2],   ;
;                                                  ;                           ; RegisterBank:REGISTER_BANK_INST|registers[9][1],   ;
;                                                  ;                           ; RegisterBank:REGISTER_BANK_INST|registers[9][0],   ;
;                                                  ;                           ; RegisterBank:REGISTER_BANK_INST|registers[10][15], ;
;                                                  ;                           ; RegisterBank:REGISTER_BANK_INST|registers[10][14], ;
;                                                  ;                           ; RegisterBank:REGISTER_BANK_INST|registers[10][13], ;
;                                                  ;                           ; RegisterBank:REGISTER_BANK_INST|registers[10][12], ;
;                                                  ;                           ; RegisterBank:REGISTER_BANK_INST|registers[10][11], ;
;                                                  ;                           ; RegisterBank:REGISTER_BANK_INST|registers[10][10], ;
;                                                  ;                           ; RegisterBank:REGISTER_BANK_INST|registers[10][9],  ;
;                                                  ;                           ; RegisterBank:REGISTER_BANK_INST|registers[10][8],  ;
;                                                  ;                           ; RegisterBank:REGISTER_BANK_INST|registers[10][7],  ;
;                                                  ;                           ; RegisterBank:REGISTER_BANK_INST|registers[10][6],  ;
;                                                  ;                           ; RegisterBank:REGISTER_BANK_INST|registers[10][5],  ;
;                                                  ;                           ; RegisterBank:REGISTER_BANK_INST|registers[10][4],  ;
;                                                  ;                           ; RegisterBank:REGISTER_BANK_INST|registers[10][3],  ;
;                                                  ;                           ; RegisterBank:REGISTER_BANK_INST|registers[10][2],  ;
;                                                  ;                           ; RegisterBank:REGISTER_BANK_INST|registers[10][1],  ;
;                                                  ;                           ; RegisterBank:REGISTER_BANK_INST|registers[10][0]   ;
; InstructionMemory:INSTR_MEM_INST|instruction[10] ; Stuck at GND              ; RegisterBank:REGISTER_BANK_INST|registers[4][15],  ;
;                                                  ; due to stuck port data_in ; RegisterBank:REGISTER_BANK_INST|registers[4][7],   ;
;                                                  ;                           ; RegisterBank:REGISTER_BANK_INST|registers[4][6],   ;
;                                                  ;                           ; RegisterBank:REGISTER_BANK_INST|registers[4][5],   ;
;                                                  ;                           ; RegisterBank:REGISTER_BANK_INST|registers[4][4],   ;
;                                                  ;                           ; RegisterBank:REGISTER_BANK_INST|registers[4][3],   ;
;                                                  ;                           ; RegisterBank:REGISTER_BANK_INST|registers[4][2],   ;
;                                                  ;                           ; RegisterBank:REGISTER_BANK_INST|registers[4][1],   ;
;                                                  ;                           ; RegisterBank:REGISTER_BANK_INST|registers[4][0],   ;
;                                                  ;                           ; RegisterBank:REGISTER_BANK_INST|registers[8][15],  ;
;                                                  ;                           ; RegisterBank:REGISTER_BANK_INST|registers[8][14],  ;
;                                                  ;                           ; RegisterBank:REGISTER_BANK_INST|registers[8][13],  ;
;                                                  ;                           ; RegisterBank:REGISTER_BANK_INST|registers[8][11],  ;
;                                                  ;                           ; RegisterBank:REGISTER_BANK_INST|registers[8][10],  ;
;                                                  ;                           ; RegisterBank:REGISTER_BANK_INST|registers[8][9],   ;
;                                                  ;                           ; RegisterBank:REGISTER_BANK_INST|registers[8][8],   ;
;                                                  ;                           ; RegisterBank:REGISTER_BANK_INST|registers[8][7],   ;
;                                                  ;                           ; RegisterBank:REGISTER_BANK_INST|registers[8][6],   ;
;                                                  ;                           ; RegisterBank:REGISTER_BANK_INST|registers[8][5],   ;
;                                                  ;                           ; RegisterBank:REGISTER_BANK_INST|registers[8][4],   ;
;                                                  ;                           ; RegisterBank:REGISTER_BANK_INST|registers[8][3],   ;
;                                                  ;                           ; RegisterBank:REGISTER_BANK_INST|registers[8][2],   ;
;                                                  ;                           ; RegisterBank:REGISTER_BANK_INST|registers[8][1],   ;
;                                                  ;                           ; RegisterBank:REGISTER_BANK_INST|registers[8][0]    ;
; InstructionMemory:INSTR_MEM_INST|instruction[5]  ; Stuck at GND              ; RegisterBank:REGISTER_BANK_INST|registers[4][12],  ;
;                                                  ; due to stuck port data_in ; RegisterBank:REGISTER_BANK_INST|registers[4][11],  ;
;                                                  ;                           ; RegisterBank:REGISTER_BANK_INST|registers[4][10],  ;
;                                                  ;                           ; RegisterBank:REGISTER_BANK_INST|registers[4][9],   ;
;                                                  ;                           ; RegisterBank:REGISTER_BANK_INST|registers[4][8],   ;
;                                                  ;                           ; RegisterBank:REGISTER_BANK_INST|registers[5][12],  ;
;                                                  ;                           ; RegisterBank:REGISTER_BANK_INST|registers[6][12],  ;
;                                                  ;                           ; RegisterBank:REGISTER_BANK_INST|registers[7][12],  ;
;                                                  ;                           ; RegisterBank:REGISTER_BANK_INST|registers[8][12],  ;
;                                                  ;                           ; RegisterBank:REGISTER_BANK_INST|registers[11][12], ;
;                                                  ;                           ; RegisterBank:REGISTER_BANK_INST|registers[12][12], ;
;                                                  ;                           ; RegisterBank:REGISTER_BANK_INST|registers[13][12], ;
;                                                  ;                           ; RegisterBank:REGISTER_BANK_INST|registers[14][12], ;
;                                                  ;                           ; RegisterBank:REGISTER_BANK_INST|registers[15][12]  ;
+--------------------------------------------------+---------------------------+----------------------------------------------------+


+------------------------------------------------------+
; General Register Statistics                          ;
+----------------------------------------------+-------+
; Statistic                                    ; Value ;
+----------------------------------------------+-------+
; Total registers                              ; 77    ;
; Number of registers using Synchronous Clear  ; 0     ;
; Number of registers using Synchronous Load   ; 0     ;
; Number of registers using Asynchronous Clear ; 68    ;
; Number of registers using Asynchronous Load  ; 0     ;
; Number of registers using Clock Enable       ; 64    ;
; Number of registers using Preset             ; 0     ;
+----------------------------------------------+-------+


+-----------------------------------------------------------------------------------------------------------------------------------------------------------------------+
; Multiplexer Restructuring Statistics (Restructuring Performed)                                                                                                        ;
+--------------------+-----------+---------------+----------------------+------------------------+------------+---------------------------------------------------------+
; Multiplexer Inputs ; Bus Width ; Baseline Area ; Area if Restructured ; Saving if Restructured ; Registered ; Example Multiplexer Output                              ;
+--------------------+-----------+---------------+----------------------+------------------------+------------+---------------------------------------------------------+
; 4:1                ; 16 bits   ; 32 LEs        ; 32 LEs               ; 0 LEs                  ; No         ; |processador16bits|RegisterBank:REGISTER_BANK_INST|Mux0 ;
; 9:1                ; 12 bits   ; 72 LEs        ; 60 LEs               ; 12 LEs                 ; No         ; |processador16bits|Mux2to1:MUX3_INST|y[8]               ;
; 9:1                ; 2 bits    ; 12 LEs        ; 10 LEs               ; 2 LEs                  ; No         ; |processador16bits|Mux2to1:MUX3_INST|y[1]               ;
+--------------------+-----------+---------------+----------------------+------------------------+------------+---------------------------------------------------------+


+-------------------------------+
; Elapsed Time Per Partition    ;
+----------------+--------------+
; Partition Name ; Elapsed Time ;
+----------------+--------------+
; Top            ; 00:00:01     ;
+----------------+--------------+


+-------------------------------+
; Analysis & Synthesis Messages ;
+-------------------------------+
Info: *******************************************************************
Info: Running Quartus II 64-Bit Analysis & Synthesis
    Info: Version 13.0.1 Build 232 06/12/2013 Service Pack 1 SJ Web Edition
    Info: Processing started: Sat Jun 22 16:33:53 2024
Info: Command: quartus_map --read_settings_files=on --write_settings_files=off processador16bits -c processador16bits
Warning (20028): Parallel compilation is not licensed and has been disabled
Info (12021): Found 2 design units, including 1 entities, in source file decoder.vhd
    Info (12022): Found design unit 1: Decoder-Behavioral
    Info (12023): Found entity 1: Decoder
Info (12021): Found 2 design units, including 1 entities, in source file alu.vhd
    Info (12022): Found design unit 1: ALU-Behavioral
    Info (12023): Found entity 1: ALU
Info (12021): Found 2 design units, including 1 entities, in source file registerbank.vhd
    Info (12022): Found design unit 1: RegisterBank-Behavioral
    Info (12023): Found entity 1: RegisterBank
Info (12021): Found 2 design units, including 1 entities, in source file controlunit.vhd
    Info (12022): Found design unit 1: ControlUnit-Behavioral
    Info (12023): Found entity 1: ControlUnit
Info (12021): Found 2 design units, including 1 entities, in source file processador16bits.vhd
    Info (12022): Found design unit 1: processador16bits-Behavioral
    Info (12023): Found entity 1: processador16bits
Info (12021): Found 2 design units, including 1 entities, in source file instructionmemory.vhd
    Info (12022): Found design unit 1: InstructionMemory-Behavioral
    Info (12023): Found entity 1: InstructionMemory
Info (12021): Found 2 design units, including 1 entities, in source file programcounter.vhd
    Info (12022): Found design unit 1: ProgramCounter-Behavioral
    Info (12023): Found entity 1: ProgramCounter
Info (12021): Found 2 design units, including 1 entities, in source file mux2tol1.vhd
    Info (12022): Found design unit 1: Mux2to1-Behavioral
    Info (12023): Found entity 1: Mux2to1
Info (12021): Found 2 design units, including 1 entities, in source file mux2tol14.vhd
    Info (12022): Found design unit 1: Mux2to14-Behavioral
    Info (12023): Found entity 1: Mux2to14
Info (12127): Elaborating entity "processador16bits" for the top level hierarchy
Info (12128): Elaborating entity "ProgramCounter" for hierarchy "ProgramCounter:PC_INST"
Info (12128): Elaborating entity "InstructionMemory" for hierarchy "InstructionMemory:INSTR_MEM_INST"
Info (12128): Elaborating entity "Decoder" for hierarchy "Decoder:DECODER_INST"
Info (12128): Elaborating entity "ControlUnit" for hierarchy "ControlUnit:CONTROL_UNIT_INST"
Info (12128): Elaborating entity "RegisterBank" for hierarchy "RegisterBank:REGISTER_BANK_INST"
Info (12128): Elaborating entity "ALU" for hierarchy "ALU:ALU_INST"
Info (12128): Elaborating entity "Mux2to14" for hierarchy "Mux2to14:MUX1_INST"
Info (12128): Elaborating entity "Mux2to1" for hierarchy "Mux2to1:MUX2_INST"
Info (17049): 192 registers lost all their fanouts during netlist optimizations.
Info (16010): Generating hard_block partition "hard_block:auto_generated_inst"
    Info (16011): Adding 0 node(s), including 0 DDIO, 0 PLL, 0 transceiver and 0 LCELL
Warning (21074): Design contains 1 input pin(s) that do not drive logic
    Warning (15610): No output dependent on input pin "en_input"
Info (21057): Implemented 280 device resources after synthesis - the final resource count might be different
    Info (21058): Implemented 3 input pins
    Info (21059): Implemented 16 output pins
    Info (21061): Implemented 261 logic cells
Info: Quartus II 64-Bit Analysis & Synthesis was successful. 0 errors, 3 warnings
    Info: Peak virtual memory: 4635 megabytes
    Info: Processing ended: Sat Jun 22 16:33:57 2024
    Info: Elapsed time: 00:00:04
    Info: Total CPU time (on all processors): 00:00:03


